size	stride	elapsed(s)	cycles	#accesses a[i]	 mean access time
4096	1	0.001051	1051	409600	2.565349
4096	2	0.001053	1053	409600	2.570823
4096	4	0.001038	1038	409600	2.534175
4096	8	0.001013	1012	409600	2.472605
4096	16	0.001126	1126	409600	2.749011
4096	32	0.001048	1047	409600	2.558711
4096	64	0.000889	887	409600	2.169348
4096	128	0.000833	833	409600	2.034402
4096	256	0.000830	831	409600	2.027031
4096	512	0.000848	848	409600	2.070706
4096	1024	0.000774	774	409600	1.890562
4096	2048	0.000792	792	409600	1.932942
8192	1	0.001891	1891	819200	2.308896
8192	2	0.001835	1835	819200	2.239955
8192	4	0.001938	1938	819200	2.366184
8192	8	0.001838	1838	819200	2.244045
8192	16	0.002134	2134	819200	2.605248
8192	32	0.001958	1957	819200	2.389701
8192	64	0.001849	1848	819200	2.256510
8192	128	0.001729	1729	819200	2.110538
8192	256	0.001703	1700	819200	2.079360
8192	512	0.001745	1745	819200	2.130270
8192	1024	0.001679	1678	819200	2.049097
8192	2048	0.001715	1715	819200	2.094091
8192	4096	0.001745	1744	819200	2.129857
16384	1	0.003773	3773	1638400	2.302715
16384	2	0.003804	3804	1638400	2.321913
16384	4	0.003813	3812	1638400	2.327192
16384	8	0.003636	3635	1638400	2.218940
16384	16	0.003758	3758	1638400	2.293921
16384	32	0.003730	3729	1638400	2.276523
16384	64	0.003796	3794	1638400	2.316993
16384	128	0.003709	3708	1638400	2.263529
16384	256	0.003465	3465	1638400	2.115076
16384	512	0.003361	3361	1638400	2.051354
16384	1024	0.003339	3339	1638400	2.038044
16384	2048	0.003522	3521	1638400	2.149524
16384	4096	0.003743	3743	1638400	2.284547
16384	8192	0.003497	3497	1638400	2.134455
32768	1	0.007489	7489	3276800	2.285455
32768	2	0.007775	7774	3276800	2.372800
32768	4	0.007296	7296	3276800	2.226484
32768	8	0.007485	7484	3276800	2.284309
32768	16	0.006725	6725	3276800	2.052216
32768	32	0.006689	6688	3276800	2.041300
32768	64	0.007522	7522	3276800	2.295604
32768	128	0.007430	7430	3276800	2.267501
32768	256	0.007308	7307	3276800	2.230193
32768	512	0.006854	6854	3276800	2.091529
32768	1024	0.006710	6710	3276800	2.047718
32768	2048	0.006863	6862	3276800	2.094280
32768	4096	0.007371	7371	3276800	2.249498
32768	8192	0.007319	7319	3276800	2.233593
32768	16384	0.006982	6982	3276800	2.130793
65536	1	0.013459	13458	6553600	2.053617
65536	2	0.013001	13001	6553600	1.983752
65536	4	0.014247	14247	6553600	2.173942
65536	8	0.014837	14837	6553600	2.263996
65536	16	0.014542	14542	6553600	2.218887
65536	32	0.014163	14163	6553600	2.161057
65536	64	0.012303	12303	6553600	1.877301
65536	128	0.012308	12309	6553600	1.878113
65536	256	0.012480	12481	6553600	1.904358
65536	512	0.012656	12656	6553600	1.931114
65536	1024	0.011864	11863	6553600	1.810239
65536	2048	0.035288	35288	6553600	5.384569
65536	4096	0.049485	49484	6553600	7.550778
65536	8192	0.014062	14062	6553600	2.145716
65536	16384	0.013944	13944	6553600	2.127650
65536	32768	0.013316	13316	6553600	2.031826
131072	1	0.026926	26923	13107200	2.054256
131072	2	0.025003	25003	13107200	1.907591
131072	4	0.028163	28163	13107200	2.148690
131072	8	0.029324	29324	13107200	2.237281
131072	16	0.029086	29086	13107200	2.219063
131072	32	0.028139	28138	13107200	2.146815
131072	64	0.024631	24631	13107200	1.879221
131072	128	0.025689	25689	13107200	1.959940
131072	256	0.026520	26520	13107200	2.023303
131072	512	0.026981	26980	13107200	2.058455
131072	1024	0.028548	28548	13107200	2.178023
131072	2048	0.067104	67105	13107200	5.119658
131072	4096	0.104904	104904	13107200	8.003565
131072	8192	0.067334	67335	13107200	5.137204
131072	16384	0.028948	28948	13107200	2.208568
131072	32768	0.029150	29150	13107200	2.223979
131072	65536	0.028983	28981	13107200	2.211204
262144	1	0.055259	55258	26214400	2.107951
262144	2	0.051130	51130	26214400	1.950447
262144	4	0.056845	56845	26214400	2.168481
262144	8	0.058186	58185	26214400	2.219609
262144	16	0.056689	56689	26214400	2.162517
262144	32	0.056455	56455	26214400	2.153589
262144	64	0.051567	51567	26214400	1.967142
262144	128	0.055566	55566	26214400	2.119676
262144	256	0.060670	60670	26214400	2.314390
262144	512	0.066170	66169	26214400	2.524171
262144	1024	0.068032	68032	26214400	2.595219
262144	2048	0.122682	122681	26214400	4.679942
262144	4096	0.229967	229967	26214400	8.772537
262144	8192	0.218849	218849	26214400	8.348422
262144	16384	0.137608	137608	26214400	5.249325
262144	32768	0.059234	59234	26214400	2.259588
262144	65536	0.056981	56980	26214400	2.173643
262144	131072	0.054466	54466	26214400	2.077703
524288	1	0.109530	109529	52428800	2.089113
524288	2	0.100790	100790	52428800	1.922414
524288	4	0.112728	112730	52428800	2.150123
524288	8	0.113812	113812	52428800	2.170788
524288	16	0.114733	114733	52428800	2.188356
524288	32	0.112191	112191	52428800	2.139875
524288	64	0.113247	113247	52428800	2.160009
524288	128	0.135723	135722	52428800	2.588709
524288	256	0.161138	161138	52428800	3.073461
524288	512	0.164847	164847	52428800	3.144210
524288	1024	0.167832	167832	52428800	3.201147
524288	2048	0.171241	171242	52428800	3.266170
524288	4096	0.457174	457174	52428800	8.719905
524288	8192	0.471623	471623	52428800	8.995496
524288	16384	0.449297	449298	52428800	8.569668
524288	32768	0.288656	288656	52428800	5.505668
524288	65536	0.120206	120206	52428800	2.292746
524288	131072	0.111737	111737	52428800	2.131220
524288	262144	0.110879	110879	52428800	2.114842
1048576	1	0.218863	218862	104857600	2.087238
1048576	2	0.199588	199588	104857600	1.903415
1048576	4	0.231609	231608	104857600	2.208793
1048576	8	0.241507	241505	104857600	2.303189
1048576	16	0.236784	236785	104857600	2.258150
1048576	32	0.225506	225504	104857600	2.150589
1048576	64	0.219078	219079	104857600	2.089293
1048576	128	0.264288	264288	104857600	2.520444
1048576	256	0.323655	323655	104857600	3.086614
1048576	512	0.338863	338863	104857600	3.231648
1048576	1024	0.344475	344475	104857600	3.285166
1048576	2048	0.325036	325036	104857600	3.099782
1048576	4096	0.941147	941147	104857600	8.975477
1048576	8192	0.931317	931317	104857600	8.881729
1048576	16384	0.905453	905453	104857600	8.635075
1048576	32768	0.846168	846168	104857600	8.069687
1048576	65536	0.820624	820623	104857600	7.826077
1048576	131072	0.241186	241185	104857600	2.300129
1048576	262144	0.223128	223128	104857600	2.127911
1048576	524288	0.213691	213692	104857600	2.037921
2097152	1	0.422932	422932	209715200	2.016695
2097152	2	0.416390	416390	209715200	1.985504
2097152	4	0.482395	482396	209715200	2.300240
2097152	8	0.455187	455187	209715200	2.170499
2097152	16	0.450572	450572	209715200	2.148494
2097152	32	0.427433	427433	209715200	2.038157
2097152	64	0.431015	431015	209715200	2.055241
2097152	128	0.524936	524936	209715200	2.503092
2097152	256	0.648052	648052	209715200	3.090154
2097152	512	0.672202	672202	209715200	3.205309
2097152	1024	0.691349	691346	209715200	3.296607
2097152	2048	0.767806	767807	209715200	3.661186
2097152	4096	1.940345	1940345	209715200	9.252286
2097152	8192	1.863060	1863061	209715200	8.883764
2097152	16384	1.789826	1789826	209715200	8.534554
2097152	32768	1.697734	1697734	209715200	8.095426
2097152	65536	1.723643	1723643	209715200	8.218971
2097152	131072	1.207119	1207119	209715200	5.755992
2097152	262144	0.502660	502660	209715200	2.396871
2097152	524288	0.467529	467528	209715200	2.229351
2097152	1048576	0.444980	444980	209715200	2.121831
4194304	1	0.834768	834768	419430400	1.990241
4194304	2	0.786858	786859	419430400	1.876016
4194304	4	0.901234	901233	419430400	2.148709
4194304	8	1.101299	1101298	419430400	2.625702
4194304	16	1.117733	1117734	419430400	2.664883
4194304	32	0.971154	971154	419430400	2.315411
4194304	64	1.009054	1009054	419430400	2.405773
4194304	128	1.103884	1103883	419430400	2.631864
4194304	256	1.491035	1491034	419430400	3.554904
4194304	512	1.523065	1523065	419430400	3.631271
4194304	1024	1.591588	1591589	419430400	3.794642
4194304	2048	1.263078	1263078	419430400	3.011412
4194304	4096	3.678293	3678292	419430400	8.769734
4194304	8192	3.707325	3707325	419430400	8.838951
4194304	16384	3.687152	3687152	419430400	8.790855
4194304	32768	3.475093	3475092	419430400	8.285266
4194304	65536	3.583813	3583813	419430400	8.544475
4194304	131072	3.372596	3372595	419430400	8.040895
4194304	262144	2.311498	2311498	419430400	5.511040
4194304	524288	0.960744	960743	419430400	2.290592
4194304	1048576	0.894027	894026	419430400	2.131526
4194304	2097152	0.859174	859174	419430400	2.048429
